Started GET "/" for ::1 at 2021-03-04 13:05:26 +0300
  [1m[35m (1.4ms)[0m  [1m[34mSELECT sqlite_version(*)[0m
Processing by Rails::WelcomeController#index as HTML
  Rendering /Users/konstantin/.rvm/gems/ruby-3.0.0/gems/railties-6.1.3/lib/rails/templates/rails/welcome/index.html.erb
  Rendered /Users/konstantin/.rvm/gems/ruby-3.0.0/gems/railties-6.1.3/lib/rails/templates/rails/welcome/index.html.erb (Duration: 13.6ms | Allocations: 699)
Completed 200 OK in 50ms (Views: 20.7ms | ActiveRecord: 0.0ms | Allocations: 4393)


Started GET "/" for ::1 at 2021-03-04 13:10:44 +0300
  [1m[35m (0.2ms)[0m  [1m[34mSELECT sqlite_version(*)[0m
Processing by MainController#Main as HTML
  Rendering layout layouts/application.html.erb
  Rendering main/Main.html.erb within layouts/application
  Rendered main/Main.html.erb within layouts/application (Duration: 11.1ms | Allocations: 5038)
  Rendered layout layouts/application.html.erb (Duration: 11.2ms | Allocations: 5118)
Completed 500 Internal Server Error in 16ms (ActiveRecord: 0.0ms | Allocations: 7783)


  
ActionView::Template::Error (undefined method `bootstrap_form_tag' for #<ActionView::Base:0x000000000075f8>):
    27:       <br>
    28:       <div class="row">
    29:         <div class="col-6" style="border-right: 1px solid #BBBBBB;>
    30:             <%= bootstrap_form_tag  do |f| %>
    31:             <label>Тип транспорта: </label>
    32:             <div style="border: 1px solid #BBBBBB; text-align: left ; padding-left: 40px; border-radius:5px">
    33:           <%= f.radio_button :transport, 0, label: "Автомобиль" %>
  
app/views/main/Main.html.erb:30
Started GET "/" for ::1 at 2021-03-04 13:17:45 +0300
  [1m[35m (0.4ms)[0m  [1m[34mSELECT sqlite_version(*)[0m
Processing by MainController#Main as HTML
  Rendering layout layouts/application.html.erb
  Rendering main/Main.html.erb within layouts/application
  Rendered main/Main.html.erb within layouts/application (Duration: 28.9ms | Allocations: 18770)
[Webpacker] Compiling...
[Webpacker] Compiled all packs in /Users/konstantin/Documents/vkr/public/packs
[Webpacker] Hash: e332c6419728fac579d5
Version: webpack 4.46.0
Time: 1634ms
Built at: 03/04/2021 1:17:48 PM
                                     Asset       Size       Chunks                         Chunk Names
    js/application-f826770d917d8a37c1d8.js    125 KiB  application  [emitted] [immutable]  application
js/application-f826770d917d8a37c1d8.js.map    139 KiB  application  [emitted] [dev]        application
                             manifest.json  364 bytes               [emitted]              
Entrypoint application = js/application-f826770d917d8a37c1d8.js js/application-f826770d917d8a37c1d8.js.map
[./app/javascript/channels sync recursive _channel\.js$] ./app/javascript/channels sync _channel\.js$ 160 bytes {application} [built]
[./app/javascript/channels/index.js] 211 bytes {application} [built]
[./app/javascript/packs/application.js] 492 bytes {application} [built]
[./node_modules/webpack/buildin/module.js] (webpack)/buildin/module.js 552 bytes {application} [built]
    + 3 hidden modules

  Rendered layout layouts/application.html.erb (Duration: 3467.1ms | Allocations: 33317)
Completed 200 OK in 3474ms (Views: 3469.1ms | ActiveRecord: 0.0ms | Allocations: 36040)


Started GET "/" for ::1 at 2021-03-04 13:20:36 +0300
  [1m[35m (0.3ms)[0m  [1m[34mSELECT sqlite_version(*)[0m
Processing by MainController#Main as HTML
  Rendering layout layouts/application.html.erb
  Rendering main/Main.html.erb within layouts/application
  Rendered main/Main.html.erb within layouts/application (Duration: 9.4ms | Allocations: 15049)
[Webpacker] Everything's up-to-date. Nothing to do
  Rendered layout layouts/application.html.erb (Duration: 15.9ms | Allocations: 21030)
Completed 200 OK in 22ms (Views: 19.6ms | ActiveRecord: 0.0ms | Allocations: 24063)


Started GET "/" for ::1 at 2021-03-25 12:09:27 +0300
  [1m[35m (0.2ms)[0m  [1m[34mSELECT sqlite_version(*)[0m
Processing by MainController#Main as HTML
  Rendering layout layouts/application.html.erb
  Rendering main/Main.html.erb within layouts/application
  Rendered main/Main.html.erb within layouts/application (Duration: 17.5ms | Allocations: 15079)
[Webpacker] Everything's up-to-date. Nothing to do
  Rendered layout layouts/application.html.erb (Duration: 34.8ms | Allocations: 21063)
Completed 200 OK in 42ms (Views: 38.2ms | ActiveRecord: 0.0ms | Allocations: 24074)


Started GET "/" for ::1 at 2021-03-25 12:09:38 +0300
Processing by MainController#Main as HTML
  Rendering layout layouts/application.html.erb
  Rendering main/Main.html.erb within layouts/application
  Rendered main/Main.html.erb within layouts/application (Duration: 34.6ms | Allocations: 7681)
[Webpacker] Everything's up-to-date. Nothing to do
  Rendered layout layouts/application.html.erb (Duration: 50.2ms | Allocations: 10960)
Completed 200 OK in 52ms (Views: 50.9ms | ActiveRecord: 0.0ms | Allocations: 11440)


Started GET "/" for ::1 at 2021-03-25 12:09:46 +0300
Processing by MainController#Main as HTML
  Rendering layout layouts/application.html.erb
  Rendering main/Main.html.erb within layouts/application
  Rendered main/Main.html.erb within layouts/application (Duration: 8.8ms | Allocations: 7680)
[Webpacker] Everything's up-to-date. Nothing to do
  Rendered layout layouts/application.html.erb (Duration: 19.9ms | Allocations: 10949)
Completed 200 OK in 22ms (Views: 20.9ms | ActiveRecord: 0.0ms | Allocations: 11394)


Started GET "/" for ::1 at 2021-03-25 12:09:58 +0300
Processing by MainController#Main as HTML
  Rendering layout layouts/application.html.erb
  Rendering main/Main.html.erb within layouts/application
  Rendered main/Main.html.erb within layouts/application (Duration: 4.9ms | Allocations: 7678)
[Webpacker] Everything's up-to-date. Nothing to do
  Rendered layout layouts/application.html.erb (Duration: 13.1ms | Allocations: 10955)
Completed 200 OK in 14ms (Views: 13.8ms | ActiveRecord: 0.0ms | Allocations: 11399)


Started GET "/" for ::1 at 2021-03-25 12:10:56 +0300
Processing by MainController#Main as HTML
  Rendering layout layouts/application.html.erb
  Rendering main/Main.html.erb within layouts/application
  Rendered main/Main.html.erb within layouts/application (Duration: 6.1ms | Allocations: 7678)
[Webpacker] Everything's up-to-date. Nothing to do
  Rendered layout layouts/application.html.erb (Duration: 15.7ms | Allocations: 10945)
Completed 200 OK in 18ms (Views: 16.8ms | ActiveRecord: 0.0ms | Allocations: 11388)


Started GET "/" for ::1 at 2021-03-25 12:20:19 +0300
  [1m[35m (0.4ms)[0m  [1m[34mSELECT sqlite_version(*)[0m
Processing by MainController#Main as HTML
  Rendering layout layouts/application.html.erb
  Rendering main/Main.html.erb within layouts/application
  Rendered main/Main.html.erb within layouts/application (Duration: 13.3ms | Allocations: 15053)
[Webpacker] Everything's up-to-date. Nothing to do
  Rendered layout layouts/application.html.erb (Duration: 32.1ms | Allocations: 21036)
Completed 200 OK in 38ms (Views: 34.6ms | ActiveRecord: 0.0ms | Allocations: 23861)


Started GET "/create_route.js" for ::1 at 2021-03-25 12:20:19 +0300
  
ActionController::RoutingError (No route matches [GET] "/create_route.js"):
  
Started GET "/" for ::1 at 2021-03-25 12:21:14 +0300
  [1m[35m (0.3ms)[0m  [1m[34mSELECT sqlite_version(*)[0m
Processing by MainController#Main as HTML
  Rendering layout layouts/application.html.erb
  Rendering main/Main.html.erb within layouts/application
  Rendered main/Main.html.erb within layouts/application (Duration: 12.4ms | Allocations: 15053)
[Webpacker] Everything's up-to-date. Nothing to do
  Rendered layout layouts/application.html.erb (Duration: 20.3ms | Allocations: 21035)
Completed 200 OK in 27ms (Views: 23.4ms | ActiveRecord: 0.0ms | Allocations: 24071)


Started GET "/create_route.js" for ::1 at 2021-03-25 12:21:15 +0300
  
ActionController::RoutingError (No route matches [GET] "/create_route.js"):
  
Started GET "/" for ::1 at 2021-03-25 12:21:45 +0300
  [1m[35m (0.2ms)[0m  [1m[34mSELECT sqlite_version(*)[0m
Processing by MainController#Main as HTML
  Rendering layout layouts/application.html.erb
  Rendering main/Main.html.erb within layouts/application
  Rendered main/Main.html.erb within layouts/application (Duration: 7.6ms | Allocations: 15053)
[Webpacker] Everything's up-to-date. Nothing to do
  Rendered layout layouts/application.html.erb (Duration: 12.3ms | Allocations: 21035)
Completed 200 OK in 19ms (Views: 14.4ms | ActiveRecord: 0.0ms | Allocations: 23860)


Started GET "/create_route.js" for ::1 at 2021-03-25 12:21:45 +0300
  
ActionController::RoutingError (No route matches [GET] "/create_route.js"):
  
Started GET "/" for ::1 at 2021-03-25 12:23:42 +0300
  [1m[35m (0.2ms)[0m  [1m[34mSELECT sqlite_version(*)[0m
Processing by MainController#Main as HTML
  Rendering layout layouts/application.html.erb
  Rendering main/Main.html.erb within layouts/application
  Rendered main/Main.html.erb within layouts/application (Duration: 8.7ms | Allocations: 15053)
[Webpacker] Everything's up-to-date. Nothing to do
  Rendered layout layouts/application.html.erb (Duration: 13.8ms | Allocations: 21035)
Completed 200 OK in 19ms (Views: 15.2ms | ActiveRecord: 0.0ms | Allocations: 23857)


Started GET "/create_route.js" for ::1 at 2021-03-25 12:23:42 +0300
  
ActionController::RoutingError (No route matches [GET] "/create_route.js"):
  
Started GET "/" for ::1 at 2021-04-01 12:48:27 +0300
  [1m[35m (1.3ms)[0m  [1m[34mSELECT sqlite_version(*)[0m
Processing by MainController#Main as HTML
  Rendering layout layouts/application.html.erb
  Rendering main/Main.html.erb within layouts/application
  Rendered main/Main.html.erb within layouts/application (Duration: 33.7ms | Allocations: 18879)
[Webpacker] Everything's up-to-date. Nothing to do
  Rendered layout layouts/application.html.erb (Duration: 40.6ms | Allocations: 24863)
Completed 200 OK in 48ms (Views: 43.8ms | ActiveRecord: 0.0ms | Allocations: 28467)


Started GET "/create_route.js" for ::1 at 2021-04-01 12:48:27 +0300
  
ActionController::RoutingError (No route matches [GET] "/create_route.js"):
  
Started GET "/" for ::1 at 2021-04-02 12:50:21 +0300
  [1m[35m (0.4ms)[0m  [1m[34mSELECT sqlite_version(*)[0m
Processing by MainController#Main as HTML
  Rendering layout layouts/application.html.erb
  Rendering main/Main.html.erb within layouts/application
  Rendered main/Main.html.erb within layouts/application (Duration: 11.2ms | Allocations: 15083)
[Webpacker] Everything's up-to-date. Nothing to do
  Rendered layout layouts/application.html.erb (Duration: 19.6ms | Allocations: 21067)
Completed 200 OK in 24ms (Views: 21.1ms | ActiveRecord: 0.0ms | Allocations: 23788)


Started GET "/create_route.js" for ::1 at 2021-04-02 12:50:21 +0300
  
ActionController::RoutingError (No route matches [GET] "/create_route.js"):
  
Started GET "/create_route.js" for ::1 at 2021-04-02 12:54:17 +0300
  
ActionController::RoutingError (No route matches [GET] "/create_route.js"):
  
